<?xml version="1.0" encoding="UTF-8"?>
<testsuite xmlns:xsi="http://www.w3.org/2001/XMLSchema-instance" xsi:noNamespaceSchemaLocation="https://maven.apache.org/surefire/maven-surefire-plugin/xsd/surefire-test-report-3.0.xsd" version="3.0" name="runner.TestRunner" time="87.063" tests="14" errors="0" skipped="0" failures="0">
  <properties>
[...]
</properties>
  <testcase name="login with validCredentials #1" classname="Login Functionality" time="7.455">
    <system-out><![CDATA[
Scenario Outline: login with validCredentials &amp#27;[90m# src/test/resources/features/Login.feature:11&amp#27;[0m
  &amp#27;[32mGiven &amp#27;[0m&amp#27;[32muser navigates to the login page&amp#27;[0m      &amp#27;[90m# stepdefinitions.Login.user_navigates_to_the_login_page()&amp#27;[0m
  &amp#27;[32mWhen &amp#27;[0m&amp#27;[32muser enters valid emailId &amp#27;[0m&amp#27;[32m&amp#27;[1m1@agmail.com&amp#27;[0m &amp#27;[90m# stepdefinitions.Login.user_enters_valid_email_id(java.lang.String)&amp#27;[0m
  &amp#27;[32mAnd &amp#27;[0m&amp#27;[32muser enters validPassword &amp#27;[0m&amp#27;[32m&amp#27;[1m123456&amp#27;[0m        &amp#27;[90m# stepdefinitions.Login.user_enters_validPassword(java.lang.String)&amp#27;[0m
  &amp#27;[32mAnd &amp#27;[0m&amp#27;[32muser click on the login button&amp#27;[0m          &amp#27;[90m# stepdefinitions.Login.user_click_on_the_login_button()&amp#27;[0m
  &amp#27;[32mThen &amp#27;[0m&amp#27;[32muser navigates to account page&amp#27;[0m         &amp#27;[90m# stepdefinitions.Login.user_navigates_to_account_page()&amp#27;[0m
]]></system-out>
    <system-err><![CDATA[Oct 21, 2025 1:23:27 PM org.openqa.selenium.devtools.CdpVersionFinder findNearestMatch
WARNING: Unable to find an exact match for CDP version 141, returning the closest version; found: 140; Please update to a Selenium version that supports CDP version 141
]]></system-err>
  </testcase>
  <testcase name="login with validCredentials #2" classname="Login Functionality" time="5.5">
    <system-out><![CDATA[
Scenario Outline: login with validCredentials &amp#27;[90m# src/test/resources/features/Login.feature:12&amp#27;[0m
  &amp#27;[32mGiven &amp#27;[0m&amp#27;[32muser navigates to the login page&amp#27;[0m      &amp#27;[90m# stepdefinitions.Login.user_navigates_to_the_login_page()&amp#27;[0m
  &amp#27;[32mWhen &amp#27;[0m&amp#27;[32muser enters valid emailId &amp#27;[0m&amp#27;[32m&amp#27;[1m1@bgmail.com&amp#27;[0m &amp#27;[90m# stepdefinitions.Login.user_enters_valid_email_id(java.lang.String)&amp#27;[0m
  &amp#27;[32mAnd &amp#27;[0m&amp#27;[32muser enters validPassword &amp#27;[0m&amp#27;[32m&amp#27;[1m123456&amp#27;[0m        &amp#27;[90m# stepdefinitions.Login.user_enters_validPassword(java.lang.String)&amp#27;[0m
  &amp#27;[32mAnd &amp#27;[0m&amp#27;[32muser click on the login button&amp#27;[0m          &amp#27;[90m# stepdefinitions.Login.user_click_on_the_login_button()&amp#27;[0m
  &amp#27;[32mThen &amp#27;[0m&amp#27;[32muser navigates to account page&amp#27;[0m         &amp#27;[90m# stepdefinitions.Login.user_navigates_to_account_page()&amp#27;[0m
]]></system-out>
    <system-err><![CDATA[Oct 21, 2025 1:23:33 PM org.openqa.selenium.devtools.CdpVersionFinder findNearestMatch
WARNING: Unable to find an exact match for CDP version 141, returning the closest version; found: 140; Please update to a Selenium version that supports CDP version 141
]]></system-err>
  </testcase>
  <testcase name="login with validCredentials #3" classname="Login Functionality" time="6.277">
    <system-out><![CDATA[
Scenario Outline: login with validCredentials &amp#27;[90m# src/test/resources/features/Login.feature:13&amp#27;[0m
  &amp#27;[32mGiven &amp#27;[0m&amp#27;[32muser navigates to the login page&amp#27;[0m      &amp#27;[90m# stepdefinitions.Login.user_navigates_to_the_login_page()&amp#27;[0m
  &amp#27;[32mWhen &amp#27;[0m&amp#27;[32muser enters valid emailId &amp#27;[0m&amp#27;[32m&amp#27;[1m1@cgmail.com&amp#27;[0m &amp#27;[90m# stepdefinitions.Login.user_enters_valid_email_id(java.lang.String)&amp#27;[0m
  &amp#27;[32mAnd &amp#27;[0m&amp#27;[32muser enters validPassword &amp#27;[0m&amp#27;[32m&amp#27;[1m123456&amp#27;[0m        &amp#27;[90m# stepdefinitions.Login.user_enters_validPassword(java.lang.String)&amp#27;[0m
  &amp#27;[32mAnd &amp#27;[0m&amp#27;[32muser click on the login button&amp#27;[0m          &amp#27;[90m# stepdefinitions.Login.user_click_on_the_login_button()&amp#27;[0m
  &amp#27;[32mThen &amp#27;[0m&amp#27;[32muser navigates to account page&amp#27;[0m         &amp#27;[90m# stepdefinitions.Login.user_navigates_to_account_page()&amp#27;[0m
]]></system-out>
    <system-err><![CDATA[Oct 21, 2025 1:23:38 PM org.openqa.selenium.devtools.CdpVersionFinder findNearestMatch
WARNING: Unable to find an exact match for CDP version 141, returning the closest version; found: 140; Please update to a Selenium version that supports CDP version 141
]]></system-err>
  </testcase>
  <testcase name="login with invalidCredentials" classname="Login Functionality" time="6.527">
    <system-out><![CDATA[
Scenario: login with invalidCredentials                             &amp#27;[90m# src/test/resources/features/Login.feature:15&amp#27;[0m
  &amp#27;[32mGiven &amp#27;[0m&amp#27;[32muser navigates to the login page&amp#27;[0m                            &amp#27;[90m# stepdefinitions.Login.user_navigates_to_the_login_page()&amp#27;[0m
  &amp#27;[32mWhen &amp#27;[0m&amp#27;[32muser enters inValid emailId&amp#27;[0m                                  &amp#27;[90m# stepdefinitions.Login.user_enters_in_valid_email_id()&amp#27;[0m
  &amp#27;[32mAnd &amp#27;[0m&amp#27;[32muser enters inValid password &amp#27;[0m&amp#27;[32m&amp#27;[1m"123456789"&amp#27;[0m                      &amp#27;[90m# stepdefinitions.Login.user_enters_in_valid_password(java.lang.String)&amp#27;[0m
  &amp#27;[32mAnd &amp#27;[0m&amp#27;[32muser click on the login button&amp#27;[0m                                &amp#27;[90m# stepdefinitions.Login.user_click_on_the_login_button()&amp#27;[0m
  &amp#27;[32mThen &amp#27;[0m&amp#27;[32muser seen warning message about invalid emailId and password&amp#27;[0m &amp#27;[90m# stepdefinitions.Login.user_seen_warning_message_about_invalid_email_id_and_password()&amp#27;[0m
]]></system-out>
    <system-err><![CDATA[Oct 21, 2025 1:23:44 PM org.openqa.selenium.devtools.CdpVersionFinder findNearestMatch
WARNING: Unable to find an exact match for CDP version 141, returning the closest version; found: 140; Please update to a Selenium version that supports CDP version 141
]]></system-err>
  </testcase>
  <testcase name="login with validEmailIdAndInvalidPassword" classname="Login Functionality" time="7.089">
    <system-out><![CDATA[
Scenario: login with validEmailIdAndInvalidPassword                 &amp#27;[90m# src/test/resources/features/Login.feature:22&amp#27;[0m
  &amp#27;[32mGiven &amp#27;[0m&amp#27;[32muser navigates to the login page&amp#27;[0m                            &amp#27;[90m# stepdefinitions.Login.user_navigates_to_the_login_page()&amp#27;[0m
  &amp#27;[32mWhen &amp#27;[0m&amp#27;[32muser enters valid emailId &amp#27;[0m&amp#27;[32m&amp#27;[1m"1@agmail.com"&amp#27;[0m                     &amp#27;[90m# stepdefinitions.Login.user_enters_valid_email_id(java.lang.String)&amp#27;[0m
  &amp#27;[32mAnd &amp#27;[0m&amp#27;[32muser enters inValid password &amp#27;[0m&amp#27;[32m&amp#27;[1m"123456789"&amp#27;[0m                      &amp#27;[90m# stepdefinitions.Login.user_enters_in_valid_password(java.lang.String)&amp#27;[0m
  &amp#27;[32mAnd &amp#27;[0m&amp#27;[32muser click on the login button&amp#27;[0m                                &amp#27;[90m# stepdefinitions.Login.user_click_on_the_login_button()&amp#27;[0m
  &amp#27;[32mThen &amp#27;[0m&amp#27;[32muser seen warning message about invalid emailId and password&amp#27;[0m &amp#27;[90m# stepdefinitions.Login.user_seen_warning_message_about_invalid_email_id_and_password()&amp#27;[0m
]]></system-out>
    <system-err><![CDATA[Oct 21, 2025 1:23:51 PM org.openqa.selenium.devtools.CdpVersionFinder findNearestMatch
WARNING: Unable to find an exact match for CDP version 141, returning the closest version; found: 140; Please update to a Selenium version that supports CDP version 141
]]></system-err>
  </testcase>
  <testcase name="login with invalidEmailIdAndValidPassword" classname="Login Functionality" time="5.864">
    <system-out><![CDATA[
Scenario: login with invalidEmailIdAndValidPassword                 &amp#27;[90m# src/test/resources/features/Login.feature:29&amp#27;[0m
  &amp#27;[32mGiven &amp#27;[0m&amp#27;[32muser navigates to the login page&amp#27;[0m                            &amp#27;[90m# stepdefinitions.Login.user_navigates_to_the_login_page()&amp#27;[0m
  &amp#27;[32mWhen &amp#27;[0m&amp#27;[32muser enters inValid emailId&amp#27;[0m                                  &amp#27;[90m# stepdefinitions.Login.user_enters_in_valid_email_id()&amp#27;[0m
  &amp#27;[32mAnd &amp#27;[0m&amp#27;[32muser enters validPassword &amp#27;[0m&amp#27;[32m&amp#27;[1m"123456"&amp#27;[0m                            &amp#27;[90m# stepdefinitions.Login.user_enters_validPassword(java.lang.String)&amp#27;[0m
  &amp#27;[32mAnd &amp#27;[0m&amp#27;[32muser click on the login button&amp#27;[0m                                &amp#27;[90m# stepdefinitions.Login.user_click_on_the_login_button()&amp#27;[0m
  &amp#27;[32mThen &amp#27;[0m&amp#27;[32muser seen warning message about invalid emailId and password&amp#27;[0m &amp#27;[90m# stepdefinitions.Login.user_seen_warning_message_about_invalid_email_id_and_password()&amp#27;[0m
]]></system-out>
    <system-err><![CDATA[Oct 21, 2025 1:23:58 PM org.openqa.selenium.devtools.CdpVersionFinder findNearestMatch
WARNING: Unable to find an exact match for CDP version 141, returning the closest version; found: 140; Please update to a Selenium version that supports CDP version 141
]]></system-err>
  </testcase>
  <testcase name="login without providing anyDetails" classname="Login Functionality" time="5.048">
    <system-out><![CDATA[
Scenario: login without providing anyDetails                        &amp#27;[90m# src/test/resources/features/Login.feature:36&amp#27;[0m
  &amp#27;[32mGiven &amp#27;[0m&amp#27;[32muser navigates to the login page&amp#27;[0m                            &amp#27;[90m# stepdefinitions.Login.user_navigates_to_the_login_page()&amp#27;[0m
  &amp#27;[32mWhen &amp#27;[0m&amp#27;[32muser didnot enters any value in emailId field&amp#27;[0m                &amp#27;[90m# stepdefinitions.Login.user_didnot_enters_any_value_in_email_id_field()&amp#27;[0m
  &amp#27;[32mAnd &amp#27;[0m&amp#27;[32muser didnot enters any value in password field&amp#27;[0m                &amp#27;[90m# stepdefinitions.Login.user_didnot_enters_any_value_in_password_field()&amp#27;[0m
  &amp#27;[32mAnd &amp#27;[0m&amp#27;[32muser click on the login button&amp#27;[0m                                &amp#27;[90m# stepdefinitions.Login.user_click_on_the_login_button()&amp#27;[0m
  &amp#27;[32mThen &amp#27;[0m&amp#27;[32muser seen warning message about invalid emailId and password&amp#27;[0m &amp#27;[90m# stepdefinitions.Login.user_seen_warning_message_about_invalid_email_id_and_password()&amp#27;[0m
]]></system-out>
    <system-err><![CDATA[Oct 21, 2025 1:24:04 PM org.openqa.selenium.devtools.CdpVersionFinder findNearestMatch
WARNING: Unable to find an exact match for CDP version 141, returning the closest version; found: 140; Please update to a Selenium version that supports CDP version 141
]]></system-err>
  </testcase>
  <testcase name="register with mandatory fields" classname="register functionality" time="8.162">
    <system-out><![CDATA[
Scenario: register with mandatory fields          &amp#27;[90m# src/test/resources/features/Register.feature:3&amp#27;[0m
  &amp#27;[32mGiven &amp#27;[0m&amp#27;[32muser navigates to register page&amp#27;[0m           &amp#27;[90m# stepdefinitions.Register.user_navigates_to_register_page()&amp#27;[0m
  &amp#27;[32mWhen &amp#27;[0m&amp#27;[32muser enters value for the mandatory fields&amp#27;[0m &amp#27;[90m# stepdefinitions.Register.user_enters_value_for_the_mandatory_fields(io.cucumber.datatable.DataTable)&amp#27;[0m
    | firstName               | eleven |
    | lastName                | micky  |
    | telephone               | 123456 |
    | registerPassword        | 123456 |
    | registerConfirmPassword | 123456 |
  &amp#27;[32mAnd &amp#27;[0m&amp#27;[32muser clicks on the privacy policy&amp#27;[0m           &amp#27;[90m# stepdefinitions.Register.user_clicks_on_the_privacy_policy()&amp#27;[0m
  &amp#27;[32mAnd &amp#27;[0m&amp#27;[32muser click on continue button&amp#27;[0m               &amp#27;[90m# stepdefinitions.Register.user_click_on_continue_button()&amp#27;[0m
  &amp#27;[32mThen &amp#27;[0m&amp#27;[32muser navigates to account created page&amp#27;[0m     &amp#27;[90m# stepdefinitions.Register.user_navigates_to_account_created_page()&amp#27;[0m
]]></system-out>
    <system-err><![CDATA[Oct 21, 2025 1:24:09 PM org.openqa.selenium.devtools.CdpVersionFinder findNearestMatch
WARNING: Unable to find an exact match for CDP version 141, returning the closest version; found: 140; Please update to a Selenium version that supports CDP version 141
]]></system-err>
  </testcase>
  <testcase name="register with all fields" classname="register functionality" time="6.901">
    <system-out><![CDATA[
Scenario: register with all fields            &amp#27;[90m# src/test/resources/features/Register.feature:15&amp#27;[0m
  &amp#27;[32mGiven &amp#27;[0m&amp#27;[32muser navigates to register page&amp#27;[0m       &amp#27;[90m# stepdefinitions.Register.user_navigates_to_register_page()&amp#27;[0m
  &amp#27;[32mWhen &amp#27;[0m&amp#27;[32muser enters value for the all fields&amp#27;[0m   &amp#27;[90m# stepdefinitions.Register.user_enters_value_for_the_all_fields(io.cucumber.datatable.DataTable)&amp#27;[0m
    | firstName               | eleven |
    | lastName                | micky  |
    | telephone               | 123456 |
    | registerPassword        | 123456 |
    | registerConfirmPassword | 123456 |
  &amp#27;[32mAnd &amp#27;[0m&amp#27;[32muser clicks on newsletter policy&amp#27;[0m        &amp#27;[90m# stepdefinitions.Register.user_clicks_on_newsletter_policy()&amp#27;[0m
  &amp#27;[32mAnd &amp#27;[0m&amp#27;[32muser clicks on the privacy policy&amp#27;[0m       &amp#27;[90m# stepdefinitions.Register.user_clicks_on_the_privacy_policy()&amp#27;[0m
  &amp#27;[32mAnd &amp#27;[0m&amp#27;[32muser click on continue button&amp#27;[0m           &amp#27;[90m# stepdefinitions.Register.user_click_on_continue_button()&amp#27;[0m
  &amp#27;[32mThen &amp#27;[0m&amp#27;[32muser navigates to account created page&amp#27;[0m &amp#27;[90m# stepdefinitions.Register.user_navigates_to_account_created_page()&amp#27;[0m
]]></system-out>
    <system-err><![CDATA[Oct 21, 2025 1:24:17 PM org.openqa.selenium.devtools.CdpVersionFinder findNearestMatch
WARNING: Unable to find an exact match for CDP version 141, returning the closest version; found: 140; Please update to a Selenium version that supports CDP version 141
]]></system-err>
  </testcase>
  <testcase name="register with duplicate email" classname="register functionality" time="7.207">
    <system-out><![CDATA[
Scenario: register with duplicate email                          &amp#27;[90m# src/test/resources/features/Register.feature:28&amp#27;[0m
  &amp#27;[32mGiven &amp#27;[0m&amp#27;[32muser navigates to register page&amp#27;[0m                          &amp#27;[90m# stepdefinitions.Register.user_navigates_to_register_page()&amp#27;[0m
  &amp#27;[32mWhen &amp#27;[0m&amp#27;[32muser enters value for the all fields with duplicate email&amp#27;[0m &amp#27;[90m# stepdefinitions.Register.user_enters_value_for_the_all_fields_with_duplicate_email(io.cucumber.datatable.DataTable)&amp#27;[0m
    | firstName               | eleven                |
    | lastName                | micky                 |
    | email                   | vijayozil87@gmail.com |
    | telephone               | 123456                |
    | registerPassword        | 123456                |
    | registerConfirmPassword | 123456                |
  &amp#27;[32mAnd &amp#27;[0m&amp#27;[32muser clicks on newsletter policy&amp#27;[0m                           &amp#27;[90m# stepdefinitions.Register.user_clicks_on_newsletter_policy()&amp#27;[0m
  &amp#27;[32mAnd &amp#27;[0m&amp#27;[32muser clicks on the privacy policy&amp#27;[0m                          &amp#27;[90m# stepdefinitions.Register.user_clicks_on_the_privacy_policy()&amp#27;[0m
  &amp#27;[32mAnd &amp#27;[0m&amp#27;[32muser click on continue button&amp#27;[0m                              &amp#27;[90m# stepdefinitions.Register.user_click_on_continue_button()&amp#27;[0m
  &amp#27;[32mThen &amp#27;[0m&amp#27;[32muser got duplicate mail warning&amp#27;[0m                           &amp#27;[90m# stepdefinitions.Register.user_got_duplicate_mail_warning()&amp#27;[0m
]]></system-out>
    <system-err><![CDATA[Oct 21, 2025 1:24:24 PM org.openqa.selenium.devtools.CdpVersionFinder findNearestMatch
WARNING: Unable to find an exact match for CDP version 141, returning the closest version; found: 140; Please update to a Selenium version that supports CDP version 141
]]></system-err>
  </testcase>
  <testcase name="register without providing any values" classname="register functionality" time="4.838">
    <system-out><![CDATA[
Scenario: register without providing any values &amp#27;[90m# src/test/resources/features/Register.feature:42&amp#27;[0m
  &amp#27;[32mGiven &amp#27;[0m&amp#27;[32muser navigates to register page&amp#27;[0m         &amp#27;[90m# stepdefinitions.Register.user_navigates_to_register_page()&amp#27;[0m
  &amp#27;[32mWhen &amp#27;[0m&amp#27;[32muser didnot enters value for the fields&amp#27;[0m  &amp#27;[90m# stepdefinitions.Register.user_didnot_enters_value_for_the_fields()&amp#27;[0m
  &amp#27;[32mAnd &amp#27;[0m&amp#27;[32muser click on continue button&amp#27;[0m             &amp#27;[90m# stepdefinitions.Register.user_click_on_continue_button()&amp#27;[0m
  &amp#27;[32mThen &amp#27;[0m&amp#27;[32muser got mandatory fields warning&amp#27;[0m        &amp#27;[90m# stepdefinitions.Register.user_got_mandatory_fields_warning()&amp#27;[0m
]]></system-out>
    <system-err><![CDATA[Oct 21, 2025 1:24:31 PM org.openqa.selenium.devtools.CdpVersionFinder findNearestMatch
WARNING: Unable to find an exact match for CDP version 141, returning the closest version; found: 140; Please update to a Selenium version that supports CDP version 141
]]></system-err>
  </testcase>
  <testcase name="search with validProduct" classname="Search functionality" time="3.922">
    <system-out><![CDATA[
Scenario: search with validProduct       &amp#27;[90m# src/test/resources/features/Search.feature:3&amp#27;[0m
  &amp#27;[32mGiven &amp#27;[0m&amp#27;[32muser already on homePage&amp#27;[0m         &amp#27;[90m# stepdefinitions.Search.user_already_on_home_page()&amp#27;[0m
  &amp#27;[32mWhen &amp#27;[0m&amp#27;[32muser enters validProductName &amp#27;[0m&amp#27;[32m&amp#27;[1m"HP"&amp#27;[0m &amp#27;[90m# stepdefinitions.Search.user_enters_valid_product_name(java.lang.String)&amp#27;[0m
  &amp#27;[32mAnd &amp#27;[0m&amp#27;[32muser clicks on search button&amp#27;[0m       &amp#27;[90m# stepdefinitions.Search.user_clicks_on_search_button()&amp#27;[0m
  &amp#27;[32mThen &amp#27;[0m&amp#27;[32muser navigates to search page&amp#27;[0m     &amp#27;[90m# stepdefinitions.Search.user_navigates_to_search_page()&amp#27;[0m
]]></system-out>
    <system-err><![CDATA[Oct 21, 2025 1:24:36 PM org.openqa.selenium.devtools.CdpVersionFinder findNearestMatch
WARNING: Unable to find an exact match for CDP version 141, returning the closest version; found: 140; Please update to a Selenium version that supports CDP version 141
]]></system-err>
  </testcase>
  <testcase name="search with invalidProduct" classname="Search functionality" time="3.871">
    <system-out><![CDATA[
Scenario: search with invalidProduct                 &amp#27;[90m# src/test/resources/features/Search.feature:9&amp#27;[0m
  &amp#27;[32mGiven &amp#27;[0m&amp#27;[32muser already on homePage&amp#27;[0m                     &amp#27;[90m# stepdefinitions.Search.user_already_on_home_page()&amp#27;[0m
  &amp#27;[32mWhen &amp#27;[0m&amp#27;[32muser enters inValidProductName &amp#27;[0m&amp#27;[32m&amp#27;[1m"HPA"&amp#27;[0m          &amp#27;[90m# stepdefinitions.Search.user_enters_in_valid_product_name(java.lang.String)&amp#27;[0m
  &amp#27;[32mAnd &amp#27;[0m&amp#27;[32muser clicks on search button&amp#27;[0m                   &amp#27;[90m# stepdefinitions.Search.user_clicks_on_search_button()&amp#27;[0m
  &amp#27;[32mThen &amp#27;[0m&amp#27;[32muser navigates to search page failure message&amp#27;[0m &amp#27;[90m# stepdefinitions.Search.user_navigates_to_search_page_failure_message()&amp#27;[0m
]]></system-out>
    <system-err><![CDATA[Oct 21, 2025 1:24:40 PM org.openqa.selenium.devtools.CdpVersionFinder findNearestMatch
WARNING: Unable to find an exact match for CDP version 141, returning the closest version; found: 140; Please update to a Selenium version that supports CDP version 141
]]></system-err>
  </testcase>
  <testcase name="search withOutAnyDetails" classname="Search functionality" time="3.883">
    <system-out><![CDATA[
Scenario: search withOutAnyDetails       &amp#27;[90m# src/test/resources/features/Search.feature:15&amp#27;[0m
  &amp#27;[32mGiven &amp#27;[0m&amp#27;[32muser already on homePage&amp#27;[0m         &amp#27;[90m# stepdefinitions.Search.user_already_on_home_page()&amp#27;[0m
  &amp#27;[32mWhen &amp#27;[0m&amp#27;[32muser didnot enters anyProductName&amp#27;[0m &amp#27;[90m# stepdefinitions.Search.user_didnot_enters_any_product_name()&amp#27;[0m
  &amp#27;[32mAnd &amp#27;[0m&amp#27;[32muser clicks on search button&amp#27;[0m       &amp#27;[90m# stepdefinitions.Search.user_clicks_on_search_button()&amp#27;[0m
  &amp#27;[32mThen &amp#27;[0m&amp#27;[32muser navigates to search page&amp#27;[0m     &amp#27;[90m# stepdefinitions.Search.user_navigates_to_search_page()&amp#27;[0m
]]></system-out>
    <system-err><![CDATA[Oct 21, 2025 1:24:44 PM org.openqa.selenium.devtools.CdpVersionFinder findNearestMatch
WARNING: Unable to find an exact match for CDP version 141, returning the closest version; found: 140; Please update to a Selenium version that supports CDP version 141
]]></system-err>
  </testcase>
</testsuite>